#-----------------------------------------------------------
# Vivado v2018.3 (64-bit)
# SW Build 2405991 on Thu Dec  6 23:38:27 MST 2018
# IP Build 2404404 on Fri Dec  7 01:43:56 MST 2018
# Start of session at: Tue Feb 22 19:40:51 2022
# Process ID: 3144
# Current directory: D:/FPGA/ZYNQ_7010_FPGA/18_hs_ad_da
# Command line: vivado.exe -gui_launcher_event rodinguilauncherevent13412 D:\FPGA\ZYNQ_7010_FPGA\18_hs_ad_da\hs_ad_da.xpr
# Log file: D:/FPGA/ZYNQ_7010_FPGA/18_hs_ad_da/vivado.log
# Journal file: D:/FPGA/ZYNQ_7010_FPGA/18_hs_ad_da\vivado.jou
#-----------------------------------------------------------
start_gui
open_project D:/FPGA/ZYNQ_7010_FPGA/18_hs_ad_da/hs_ad_da.xpr
Scanning sources...
Finished scanning sources
INFO: [IP_Flow 19-234] Refreshing IP repositories
INFO: [IP_Flow 19-1704] No user IP repositories specified
INFO: [IP_Flow 19-2313] Loaded Vivado IP repository 'D:/vivado2018/Vivado/2018.3/data/ip'.
open_project: Time (s): cpu = 00:00:18 ; elapsed = 00:00:11 . Memory (MB): peak = 975.664 ; gain = 118.648
update_compile_order -fileset sources_1
exit
INFO: [Common 17-206] Exiting Vivado at Tue Feb 22 19:41:23 2022...
